<?xml version="1.0" encoding="UTF-8"?>
<testsuite xmlns:xsi="http://www.w3.org/2001/XMLSchema-instance" xsi:noNamespaceSchemaLocation="https://maven.apache.org/surefire/maven-surefire-plugin/xsd/surefire-test-report.xsd" version="3.0.1" name="comp3607.InstantiationTestTest" time="0.225" tests="2" errors="0" skipped="0" failures="0">
  <properties>
[...]
</properties>
  <testcase name="testSuccessfulInstantiation" classname="comp3607.InstantiationTestTest" time="0.109"/>
  <testcase name="testFailedInstantiation" classname="comp3607.InstantiationTestTest" time="0.007"/>
</testsuite>